{"numFailedTestSuites":1,"numFailedTests":1,"numPassedTestSuites":16,"numPassedTests":103,"numPendingTestSuites":0,"numPendingTests":0,"numRuntimeErrorTestSuites":0,"numTodoTests":0,"numTotalTestSuites":17,"numTotalTests":104,"openHandles":[],"snapshot":{"added":0,"didUpdate":false,"failure":false,"filesAdded":0,"filesRemoved":0,"filesRemovedList":[],"filesUnmatched":0,"filesUpdated":0,"matched":0,"total":0,"unchecked":0,"uncheckedKeysByFile":[],"unmatched":0,"updated":0},"startTime":1785904360772,"success":false,"testResults":[{"assertionResults":[{"ancestorTitles":["ArcFaceRecognizer Unit Tests"],"duration":16,"failureDetails":[],"failureMessages":[],"fullName":"ArcFaceRecognizer Unit Tests should L2-normalize vectors to unit length (norm == 1.0)","invocations":1,"location":null,"numPassingAsserts":1,"retryReasons":[],"status":"passed","title":"should L2-normalize vectors to unit length (norm == 1.0)"},{"ancestorTitles":["ArcFaceRecognizer Unit Tests"],"duration":137,"failureDetails":[],"failureMessages":[],"fullName":"ArcFaceRecognizer Unit Tests should throw an error when attempting to L2-normalize a zero vector","invocations":1,"location":null,"numPassingAsserts":1,"retryReasons":[],"status":"passed","title":"should throw an error when attempting to L2-normalize a zero vector"},{"ancestorTitles":["ArcFaceRecognizer Unit Tests"],"duration":1,"failureDetails":[],"failureMessages":[],"fullName":"ArcFaceRecognizer Unit Tests should calculate correct cosine similarity values","invocations":1,"location":null,"numPassingAsserts":3,"retryReasons":[],"status":"passed","title":"should calculate correct cosine similarity values"},{"ancestorTitles":["ArcFaceRecognizer Unit Tests"],"duration":2,"failureDetails":[],"failureMessages":[],"fullName":"ArcFaceRecognizer Unit Tests should throw an error on vector length mismatch during cosine similarity","invocations":1,"location":null,"numPassingAsserts":1,"retryReasons":[],"status":"passed","title":"should throw an error on vector length mismatch during cosine similarity"},{"ancestorTitles":["ArcFaceRecognizer Unit Tests"],"duration":41,"failureDetails":[],"failureMessages":[],"fullName":"ArcFaceRecognizer Unit Tests should crop and preprocess image frame to 112x112 NCHW tensor","invocations":1,"location":null,"numPassingAsserts":2,"retryReasons":[],"status":"passed","title":"should crop and preprocess image frame to 112x112 NCHW tensor"},{"ancestorTitles":["ArcFaceRecognizer Unit Tests"],"duration":32,"failureDetails":[],"failureMessages":[],"fullName":"ArcFaceRecognizer Unit Tests should execute getEmbedding using ONNX session mock","invocations":1,"location":null,"numPassingAsserts":4,"retryReasons":[],"status":"passed","title":"should execute getEmbedding using ONNX session mock"}],"endTime":1785904365469,"message":"","name":"D:\\ML\\attendance_tracker\\mobile\\tests\\ai\\recognizer.test.ts","startTime":1785904362781,"status":"passed","summary":""},{"assertionResults":[{"ancestorTitles":["MiniFASNetLiveness Unit Tests"],"duration":41,"failureDetails":[],"failureMessages":[],"fullName":"MiniFASNetLiveness Unit Tests should expand bounding box by 1.5x centered on face centroid","invocations":1,"location":null,"numPassingAsserts":4,"retryReasons":[],"status":"passed","title":"should expand bounding box by 1.5x centered on face centroid"},{"ancestorTitles":["MiniFASNetLiveness Unit Tests"],"duration":1,"failureDetails":[],"failureMessages":[],"fullName":"MiniFASNetLiveness Unit Tests should clamp expanded bounding box within frame dimensions","invocations":1,"location":null,"numPassingAsserts":2,"retryReasons":[],"status":"passed","title":"should clamp expanded bounding box within frame dimensions"},{"ancestorTitles":["MiniFASNetLiveness Unit Tests"],"duration":16,"failureDetails":[],"failureMessages":[],"fullName":"MiniFASNetLiveness Unit Tests should preprocess frame into 80x80 float32 NCHW tensor","invocations":1,"location":null,"numPassingAsserts":2,"retryReasons":[],"status":"passed","title":"should preprocess frame into 80x80 float32 NCHW tensor"},{"ancestorTitles":["MiniFASNetLiveness Unit Tests"],"duration":3,"failureDetails":[],"failureMessages":[],"fullName":"MiniFASNetLiveness Unit Tests should fallback to stub when session is null","invocations":1,"location":null,"numPassingAsserts":3,"retryReasons":[],"status":"passed","title":"should fallback to stub when session is null"},{"ancestorTitles":["MiniFASNetLiveness Unit Tests"],"duration":23,"failureDetails":[],"failureMessages":[],"fullName":"MiniFASNetLiveness Unit Tests should calculate softmax score correctly for real face logits","invocations":1,"location":null,"numPassingAsserts":2,"retryReasons":[],"status":"passed","title":"should calculate softmax score correctly for real face logits"},{"ancestorTitles":["MiniFASNetLiveness Unit Tests"],"duration":18,"failureDetails":[],"failureMessages":[],"fullName":"MiniFASNetLiveness Unit Tests should reject spoof face logits correctly","invocations":1,"location":null,"numPassingAsserts":2,"retryReasons":[],"status":"passed","title":"should reject spoof face logits correctly"}],"endTime":1785904365799,"message":"","name":"D:\\ML\\attendance_tracker\\mobile\\tests\\ai\\liveness.test.ts","startTime":1785904362988,"status":"passed","summary":""},{"assertionResults":[{"ancestorTitles":["FaceOverlay Component Unit Tests"],"duration":301,"failureDetails":[],"failureMessages":[],"fullName":"FaceOverlay Component Unit Tests renders bounding box rectangle matching scaled coordinates","invocations":1,"location":null,"numPassingAsserts":1,"retryReasons":[],"status":"passed","title":"renders bounding box rectangle matching scaled coordinates"},{"ancestorTitles":["FaceOverlay Component Unit Tests"],"duration":4,"failureDetails":[],"failureMessages":[],"fullName":"FaceOverlay Component Unit Tests renders bounding box coordinate label string BBox: [x1, y1, x2, y2]","invocations":1,"location":null,"numPassingAsserts":1,"retryReasons":[],"status":"passed","title":"renders bounding box coordinate label string BBox: [x1, y1, x2, y2]"},{"ancestorTitles":["FaceOverlay Component Unit Tests"],"duration":3,"failureDetails":[],"failureMessages":[],"fullName":"FaceOverlay Component Unit Tests applies green border #00FF88 on status success","invocations":1,"location":null,"numPassingAsserts":1,"retryReasons":[],"status":"passed","title":"applies green border #00FF88 on status success"},{"ancestorTitles":["FaceOverlay Component Unit Tests"],"duration":2,"failureDetails":[],"failureMessages":[],"fullName":"FaceOverlay Component Unit Tests applies red border #FF3B30 on status spoof","invocations":1,"location":null,"numPassingAsserts":1,"retryReasons":[],"status":"passed","title":"applies red border #FF3B30 on status spoof"},{"ancestorTitles":["FaceOverlay Component Unit Tests"],"duration":2,"failureDetails":[],"failureMessages":[],"fullName":"FaceOverlay Component Unit Tests returns null when bbox is undefined","invocations":1,"location":null,"numPassingAsserts":1,"retryReasons":[],"status":"passed","title":"returns null when bbox is undefined"}],"endTime":1785904365923,"message":"","name":"D:\\ML\\attendance_tracker\\mobile\\tests\\components\\FaceOverlay.test.tsx","startTime":1785904362771,"status":"passed","summary":""},{"assertionResults":[{"ancestorTitles":["CameraKiosk Component Unit Tests"],"duration":965,"failureDetails":[],"failureMessages":[],"fullName":"CameraKiosk Component Unit Tests displays camera permission prompt when permission is ungranted","invocations":1,"location":null,"numPassingAsserts":2,"retryReasons":[],"status":"passed","title":"displays camera permission prompt when permission is ungranted"},{"ancestorTitles":["CameraKiosk Component Unit Tests"],"duration":178,"failureDetails":[],"failureMessages":[],"fullName":"CameraKiosk Component Unit Tests renders live CameraView when permission is granted","invocations":1,"location":null,"numPassingAsserts":2,"retryReasons":[],"status":"passed","title":"renders live CameraView when permission is granted"},{"ancestorTitles":["CameraKiosk Component Unit Tests"],"duration":10,"failureDetails":[],"failureMessages":[],"fullName":"CameraKiosk Component Unit Tests triggers spoof warning alert banner \"Spoof detected — use a real face\" on spoof result","invocations":1,"location":null,"numPassingAsserts":2,"retryReasons":[],"status":"passed","title":"triggers spoof warning alert banner \"Spoof detected — use a real face\" on spoof result"},{"ancestorTitles":["CameraKiosk Component Unit Tests"],"duration":12,"failureDetails":[],"failureMessages":[],"fullName":"CameraKiosk Component Unit Tests displays employee name and confidence percentage on success result","invocations":1,"location":null,"numPassingAsserts":4,"retryReasons":[],"status":"passed","title":"displays employee name and confidence percentage on success result"},{"ancestorTitles":["CameraKiosk Component Unit Tests"],"duration":11,"failureDetails":[],"failureMessages":[],"fullName":"CameraKiosk Component Unit Tests shows reset countdown text when in result state","invocations":1,"location":null,"numPassingAsserts":2,"retryReasons":[],"status":"passed","title":"shows reset countdown text when in result state"}],"endTime":1785904367244,"message":"","name":"D:\\ML\\attendance_tracker\\mobile\\tests\\components\\CameraKiosk.test.tsx","startTime":1785904362691,"status":"passed","summary":""},{"assertionResults":[{"ancestorTitles":["SCRFDDetector Unit Tests"],"duration":1062,"failureDetails":[],"failureMessages":[],"fullName":"SCRFDDetector Unit Tests should preprocess 640x480 frame to 640x640 float32 NCHW tensor","invocations":1,"location":null,"numPassingAsserts":2,"retryReasons":[],"status":"passed","title":"should preprocess 640x480 frame to 640x640 float32 NCHW tensor"},{"ancestorTitles":["SCRFDDetector Unit Tests"],"duration":1,"failureDetails":[],"failureMessages":[],"fullName":"SCRFDDetector Unit Tests should compute correct Intersection over Union (IoU)","invocations":1,"location":null,"numPassingAsserts":3,"retryReasons":[],"status":"passed","title":"should compute correct Intersection over Union (IoU)"},{"ancestorTitles":["SCRFDDetector Unit Tests"],"duration":2,"failureDetails":[],"failureMessages":[],"fullName":"SCRFDDetector Unit Tests should apply NMS to filter overlapping candidate bounding boxes","invocations":1,"location":null,"numPassingAsserts":1,"retryReasons":[],"status":"passed","title":"should apply NMS to filter overlapping candidate bounding boxes"},{"ancestorTitles":["SCRFDDetector Unit Tests"],"duration":1118,"failureDetails":[],"failureMessages":[],"fullName":"SCRFDDetector Unit Tests should handle detect result when no faces are detected","invocations":1,"location":null,"numPassingAsserts":2,"retryReasons":[],"status":"passed","title":"should handle detect result when no faces are detected"}],"endTime":1785904367251,"message":"","name":"D:\\ML\\attendance_tracker\\mobile\\tests\\ai\\detector.test.ts","startTime":1785904362622,"status":"passed","summary":""},{"assertionResults":[{"ancestorTitles":["LoginScreen Unit Test Suite"],"duration":994,"failureDetails":[],"failureMessages":[],"fullName":"LoginScreen Unit Test Suite renders username input, password input, and sign in button","invocations":1,"location":null,"numPassingAsserts":3,"retryReasons":[],"status":"passed","title":"renders username input, password input, and sign in button"},{"ancestorTitles":["LoginScreen Unit Test Suite"],"duration":114,"failureDetails":[],"failureMessages":[],"fullName":"LoginScreen Unit Test Suite displays error banner when login credentials are invalid","invocations":1,"location":null,"numPassingAsserts":1,"retryReasons":[],"status":"passed","title":"displays error banner when login credentials are invalid"},{"ancestorTitles":["LoginScreen Unit Test Suite"],"duration":21,"failureDetails":[],"failureMessages":[],"fullName":"LoginScreen Unit Test Suite calls onLoginSuccess on successful authentication","invocations":1,"location":null,"numPassingAsserts":1,"retryReasons":[],"status":"passed","title":"calls onLoginSuccess on successful authentication"}],"endTime":1785904367386,"message":"","name":"D:\\ML\\attendance_tracker\\mobile\\src\\__tests__\\LoginScreen.test.tsx","startTime":1785904363084,"status":"passed","summary":""},{"assertionResults":[{"ancestorTitles":["KioskScreen Unit Test Suite"],"duration":1112,"failureDetails":[],"failureMessages":[],"fullName":"KioskScreen Unit Test Suite initializes Edge AI pipeline and renders CameraKiosk","invocations":1,"location":null,"numPassingAsserts":2,"retryReasons":[],"status":"passed","title":"initializes Edge AI pipeline and renders CameraKiosk"}],"endTime":1785904367613,"message":"","name":"D:\\ML\\attendance_tracker\\mobile\\src\\__tests__\\KioskScreen.test.tsx","startTime":1785904363015,"status":"passed","summary":""},{"assertionResults":[{"ancestorTitles":["Challenger M3 Empirical Verification & Stress Test Suite","1. Softmax Extreme Values & Numerical Stability (liveness.ts)"],"duration":50,"failureDetails":[],"failureMessages":[],"fullName":"Challenger M3 Empirical Verification & Stress Test Suite 1. Softmax Extreme Values & Numerical Stability (liveness.ts) stress test: [1000.0, -1000.0] produces [1.0, 0.0] without NaN or Infinity","invocations":1,"location":null,"numPassingAsserts":5,"retryReasons":[],"status":"passed","title":"stress test: [1000.0, -1000.0] produces [1.0, 0.0] without NaN or Infinity"},{"ancestorTitles":["Challenger M3 Empirical Verification & Stress Test Suite","1. Softmax Extreme Values & Numerical Stability (liveness.ts)"],"duration":1,"failureDetails":[],"failureMessages":[],"fullName":"Challenger M3 Empirical Verification & Stress Test Suite 1. Softmax Extreme Values & Numerical Stability (liveness.ts) stress test: [-1000.0, 1000.0] produces [0.0, 1.0] without NaN or Infinity","invocations":1,"location":null,"numPassingAsserts":5,"retryReasons":[],"status":"passed","title":"stress test: [-1000.0, 1000.0] produces [0.0, 1.0] without NaN or Infinity"},{"ancestorTitles":["Challenger M3 Empirical Verification & Stress Test Suite","1. Softmax Extreme Values & Numerical Stability (liveness.ts)"],"duration":1,"failureDetails":[],"failureMessages":[],"fullName":"Challenger M3 Empirical Verification & Stress Test Suite 1. Softmax Extreme Values & Numerical Stability (liveness.ts) stress test: symmetric extreme logits [5000.0, 5000.0] produces [0.5, 0.5]","invocations":1,"location":null,"numPassingAsserts":2,"retryReasons":[],"status":"passed","title":"stress test: symmetric extreme logits [5000.0, 5000.0] produces [0.5, 0.5]"},{"ancestorTitles":["Challenger M3 Empirical Verification & Stress Test Suite","1. Softmax Extreme Values & Numerical Stability (liveness.ts)"],"duration":1,"failureDetails":[],"failureMessages":[],"fullName":"Challenger M3 Empirical Verification & Stress Test Suite 1. Softmax Extreme Values & Numerical Stability (liveness.ts) stress test: symmetric extreme negative logits [-5000.0, -5000.0] produces [0.5, 0.5]","invocations":1,"location":null,"numPassingAsserts":2,"retryReasons":[],"status":"passed","title":"stress test: symmetric extreme negative logits [-5000.0, -5000.0] produces [0.5, 0.5]"},{"ancestorTitles":["Challenger M3 Empirical Verification & Stress Test Suite","1. Softmax Extreme Values & Numerical Stability (liveness.ts)"],"duration":2,"failureDetails":[],"failureMessages":[],"fullName":"Challenger M3 Empirical Verification & Stress Test Suite 1. Softmax Extreme Values & Numerical Stability (liveness.ts) edge case: empty logits array returns []","invocations":1,"location":null,"numPassingAsserts":2,"retryReasons":[],"status":"passed","title":"edge case: empty logits array returns []"},{"ancestorTitles":["Challenger M3 Empirical Verification & Stress Test Suite","1. Softmax Extreme Values & Numerical Stability (liveness.ts)"],"duration":11,"failureDetails":[],"failureMessages":[],"fullName":"Challenger M3 Empirical Verification & Stress Test Suite 1. Softmax Extreme Values & Numerical Stability (liveness.ts) stress test: large logits array with 100 elements from -1e5 to +1e5 sums to 1.0","invocations":1,"location":null,"numPassingAsserts":101,"retryReasons":[],"status":"passed","title":"stress test: large logits array with 100 elements from -1e5 to +1e5 sums to 1.0"},{"ancestorTitles":["Challenger M3 Empirical Verification & Stress Test Suite","2. Bounding Box Scaling Math & Color Tag Rendering Logic (FaceOverlay.tsx)"],"duration":236,"failureDetails":[],"failureMessages":[],"fullName":"Challenger M3 Empirical Verification & Stress Test Suite 2. Bounding Box Scaling Math & Color Tag Rendering Logic (FaceOverlay.tsx) empirical test: scales bounding box correctly from 640x480 frame to 320x240 UI container","invocations":1,"location":null,"numPassingAsserts":4,"retryReasons":[],"status":"passed","title":"empirical test: scales bounding box correctly from 640x480 frame to 320x240 UI container"},{"ancestorTitles":["Challenger M3 Empirical Verification & Stress Test Suite","2. Bounding Box Scaling Math & Color Tag Rendering Logic (FaceOverlay.tsx)"],"duration":11,"failureDetails":[],"failureMessages":[],"fullName":"Challenger M3 Empirical Verification & Stress Test Suite 2. Bounding Box Scaling Math & Color Tag Rendering Logic (FaceOverlay.tsx) empirical test: status color tags rendering","invocations":1,"location":null,"numPassingAsserts":4,"retryReasons":[],"status":"passed","title":"empirical test: status color tags rendering"},{"ancestorTitles":["Challenger M3 Empirical Verification & Stress Test Suite","2. Bounding Box Scaling Math & Color Tag Rendering Logic (FaceOverlay.tsx)"],"duration":2,"failureDetails":[],"failureMessages":[],"fullName":"Challenger M3 Empirical Verification & Stress Test Suite 2. Bounding Box Scaling Math & Color Tag Rendering Logic (FaceOverlay.tsx) empirical edge case: null or undefined bbox renders null","invocations":1,"location":null,"numPassingAsserts":1,"retryReasons":[],"status":"passed","title":"empirical edge case: null or undefined bbox renders null"},{"ancestorTitles":["Challenger M3 Empirical Verification & Stress Test Suite","3. 3-Channel (RGB) vs 4-Channel (RGBA) Frame Handling across AI Modules"],"duration":1130,"failureDetails":[],"failureMessages":[],"fullName":"Challenger M3 Empirical Verification & Stress Test Suite 3. 3-Channel (RGB) vs 4-Channel (RGBA) Frame Handling across AI Modules empirical test: SCRFDDetector handles 3-channel RGB frame without NaN","invocations":1,"location":null,"numPassingAsserts":3,"retryReasons":[],"status":"passed","title":"empirical test: SCRFDDetector handles 3-channel RGB frame without NaN"},{"ancestorTitles":["Challenger M3 Empirical Verification & Stress Test Suite","3. 3-Channel (RGB) vs 4-Channel (RGBA) Frame Handling across AI Modules"],"duration":1075,"failureDetails":[],"failureMessages":[],"fullName":"Challenger M3 Empirical Verification & Stress Test Suite 3. 3-Channel (RGB) vs 4-Channel (RGBA) Frame Handling across AI Modules empirical test: SCRFDDetector handles 4-channel RGBA frame without NaN","invocations":1,"location":null,"numPassingAsserts":3,"retryReasons":[],"status":"passed","title":"empirical test: SCRFDDetector handles 4-channel RGBA frame without NaN"},{"ancestorTitles":["Challenger M3 Empirical Verification & Stress Test Suite","3. 3-Channel (RGB) vs 4-Channel (RGBA) Frame Handling across AI Modules"],"duration":47,"failureDetails":[],"failureMessages":[],"fullName":"Challenger M3 Empirical Verification & Stress Test Suite 3. 3-Channel (RGB) vs 4-Channel (RGBA) Frame Handling across AI Modules empirical test: ArcFaceRecognizer handles 3-channel RGB frame without NaN","invocations":1,"location":null,"numPassingAsserts":3,"retryReasons":[],"status":"passed","title":"empirical test: ArcFaceRecognizer handles 3-channel RGB frame without NaN"},{"ancestorTitles":["Challenger M3 Empirical Verification & Stress Test Suite","3. 3-Channel (RGB) vs 4-Channel (RGBA) Frame Handling across AI Modules"],"duration":37,"failureDetails":[],"failureMessages":[],"fullName":"Challenger M3 Empirical Verification & Stress Test Suite 3. 3-Channel (RGB) vs 4-Channel (RGBA) Frame Handling across AI Modules empirical test: ArcFaceRecognizer handles 4-channel RGBA frame without NaN","invocations":1,"location":null,"numPassingAsserts":3,"retryReasons":[],"status":"passed","title":"empirical test: ArcFaceRecognizer handles 4-channel RGBA frame without NaN"},{"ancestorTitles":["Challenger M3 Empirical Verification & Stress Test Suite","3. 3-Channel (RGB) vs 4-Channel (RGBA) Frame Handling across AI Modules"],"duration":27,"failureDetails":[],"failureMessages":[],"fullName":"Challenger M3 Empirical Verification & Stress Test Suite 3. 3-Channel (RGB) vs 4-Channel (RGBA) Frame Handling across AI Modules empirical test: MiniFASNetLiveness handles 3-channel RGB frame without NaN","invocations":1,"location":null,"numPassingAsserts":3,"retryReasons":[],"status":"passed","title":"empirical test: MiniFASNetLiveness handles 3-channel RGB frame without NaN"},{"ancestorTitles":["Challenger M3 Empirical Verification & Stress Test Suite","3. 3-Channel (RGB) vs 4-Channel (RGBA) Frame Handling across AI Modules"],"duration":23,"failureDetails":[],"failureMessages":[],"fullName":"Challenger M3 Empirical Verification & Stress Test Suite 3. 3-Channel (RGB) vs 4-Channel (RGBA) Frame Handling across AI Modules empirical test: MiniFASNetLiveness handles 4-channel RGBA frame without NaN","invocations":1,"location":null,"numPassingAsserts":3,"retryReasons":[],"status":"passed","title":"empirical test: MiniFASNetLiveness handles 4-channel RGBA frame without NaN"}],"endTime":1785904368693,"message":"","name":"D:\\ML\\attendance_tracker\\mobile\\tests\\ai\\challenger_m3_stress.test.tsx","startTime":1785904362986,"status":"passed","summary":""},{"assertionResults":[{"ancestorTitles":["Empirical Verification Suite — Milestone 3 Login Auth & Kiosk Camera Screen","1. LoginScreen Verification"],"duration":1490,"failureDetails":[],"failureMessages":[],"fullName":"Empirical Verification Suite — Milestone 3 Login Auth & Kiosk Camera Screen 1. LoginScreen Verification 1.1 & 1.2: Authenticates username + password only against /api/auth/login and stores JWT token & role","invocations":1,"location":null,"numPassingAsserts":2,"retryReasons":[],"status":"passed","title":"1.1 & 1.2: Authenticates username + password only against /api/auth/login and stores JWT token & role"},{"ancestorTitles":["Empirical Verification Suite — Milestone 3 Login Auth & Kiosk Camera Screen","1. LoginScreen Verification"],"duration":109,"failureDetails":[],"failureMessages":[],"fullName":"Empirical Verification Suite — Milestone 3 Login Auth & Kiosk Camera Screen 1. LoginScreen Verification 1.3: Employee role lands directly on Kiosk Screen without admin tabs","invocations":1,"location":null,"numPassingAsserts":2,"retryReasons":[],"status":"passed","title":"1.3: Employee role lands directly on Kiosk Screen without admin tabs"},{"ancestorTitles":["Empirical Verification Suite — Milestone 3 Login Auth & Kiosk Camera Screen","1. LoginScreen Verification"],"duration":26,"failureDetails":[{}],"failureMessages":["Error: No instances found with props: {\"testID\":\"tab-admin\"}\n    at expectOne (D:\\ML\\attendance_tracker\\mobile\\node_modules\\react-test-renderer\\cjs\\react-test-renderer.development.js:18499:9)\n    at ReactTestInstance.findByProps (D:\\ML\\attendance_tracker\\mobile\\node_modules\\react-test-renderer\\cjs\\react-test-renderer.development.js:18395:12)\n    at Object.findByProps (D:\\ML\\attendance_tracker\\mobile\\tests\\empirical_m3_verification.test.tsx:186:29)\n    at Generator.next (<anonymous>)\n    at asyncGeneratorStep (D:\\ML\\attendance_tracker\\mobile\\node_modules\\@babel\\runtime\\helpers\\asyncToGenerator.js:3:17)\n    at _next (D:\\ML\\attendance_tracker\\mobile\\node_modules\\@babel\\runtime\\helpers\\asyncToGenerator.js:17:9)"],"fullName":"Empirical Verification Suite — Milestone 3 Login Auth & Kiosk Camera Screen 1. LoginScreen Verification 1.4: Admin and Super Admin roles get Kiosk Camera + Admin Dashboard tabs","invocations":1,"location":null,"numPassingAsserts":1,"retryReasons":[],"status":"failed","title":"1.4: Admin and Super Admin roles get Kiosk Camera + Admin Dashboard tabs"},{"ancestorTitles":["Empirical Verification Suite — Milestone 3 Login Auth & Kiosk Camera Screen","1. LoginScreen Verification"],"duration":34,"failureDetails":[],"failureMessages":[],"fullName":"Empirical Verification Suite — Milestone 3 Login Auth & Kiosk Camera Screen 1. LoginScreen Verification 1.5: Invalid password / credentials shows error banner","invocations":1,"location":null,"numPassingAsserts":1,"retryReasons":[],"status":"passed","title":"1.5: Invalid password / credentials shows error banner"},{"ancestorTitles":["Empirical Verification Suite — Milestone 3 Login Auth & Kiosk Camera Screen","2. Kiosk Camera Screen Verification"],"duration":242,"failureDetails":[],"failureMessages":[],"fullName":"Empirical Verification Suite — Milestone 3 Login Auth & Kiosk Camera Screen 2. Kiosk Camera Screen Verification 2.1: Captures frames silently with shutterSound: false","invocations":1,"location":null,"numPassingAsserts":1,"retryReasons":[],"status":"passed","title":"2.1: Captures frames silently with shutterSound: false"},{"ancestorTitles":["Empirical Verification Suite — Milestone 3 Login Auth & Kiosk Camera Screen","2. Kiosk Camera Screen Verification"],"duration":9,"failureDetails":[],"failureMessages":[],"fullName":"Empirical Verification Suite — Milestone 3 Login Auth & Kiosk Camera Screen 2. Kiosk Camera Screen Verification 2.2: Displays face bounding box overlay","invocations":1,"location":null,"numPassingAsserts":2,"retryReasons":[],"status":"passed","title":"2.2: Displays face bounding box overlay"},{"ancestorTitles":["Empirical Verification Suite — Milestone 3 Login Auth & Kiosk Camera Screen","2. Kiosk Camera Screen Verification"],"duration":6,"failureDetails":[],"failureMessages":[],"fullName":"Empirical Verification Suite — Milestone 3 Login Auth & Kiosk Camera Screen 2. Kiosk Camera Screen Verification 2.3: Displays anti-spoofing alert banner on liveness error (\"Spoof detected — use a real face\")","invocations":1,"location":null,"numPassingAsserts":2,"retryReasons":[],"status":"passed","title":"2.3: Displays anti-spoofing alert banner on liveness error (\"Spoof detected — use a real face\")"},{"ancestorTitles":["Empirical Verification Suite — Milestone 3 Login Auth & Kiosk Camera Screen","2. Kiosk Camera Screen Verification"],"duration":7,"failureDetails":[],"failureMessages":[],"fullName":"Empirical Verification Suite — Milestone 3 Login Auth & Kiosk Camera Screen 2. Kiosk Camera Screen Verification 2.4: Displays 3-second auto-reset green confirmation banner on successful check-in","invocations":1,"location":null,"numPassingAsserts":3,"retryReasons":[],"status":"passed","title":"2.4: Displays 3-second auto-reset green confirmation banner on successful check-in"}],"endTime":1785904368820,"message":"  ● Empirical Verification Suite — Milestone 3 Login Auth & Kiosk Camera Screen › 1. LoginScreen Verification › 1.4: Admin and Super Admin roles get Kiosk Camera + Admin Dashboard tabs\n\n    No instances found with props: {\"testID\":\"tab-admin\"}\n\n    \u001b[0m \u001b[90m 184 |\u001b[39m\n     \u001b[90m 185 |\u001b[39m       \u001b[36mconst\u001b[39m tabKiosk \u001b[33m=\u001b[39m root\u001b[33m.\u001b[39mfindByProps({ testID\u001b[33m:\u001b[39m \u001b[32m'tab-kiosk'\u001b[39m })\u001b[33m;\u001b[39m\n    \u001b[31m\u001b[1m>\u001b[22m\u001b[39m\u001b[90m 186 |\u001b[39m       \u001b[36mconst\u001b[39m tabAdmin \u001b[33m=\u001b[39m root\u001b[33m.\u001b[39mfindByProps({ testID\u001b[33m:\u001b[39m \u001b[32m'tab-admin'\u001b[39m })\u001b[33m;\u001b[39m\n     \u001b[90m     |\u001b[39m                             \u001b[31m\u001b[1m^\u001b[22m\u001b[39m\n     \u001b[90m 187 |\u001b[39m       expect(tabKiosk)\u001b[33m.\u001b[39mtoBeTruthy()\u001b[33m;\u001b[39m\n     \u001b[90m 188 |\u001b[39m       expect(tabAdmin)\u001b[33m.\u001b[39mtoBeTruthy()\u001b[33m;\u001b[39m\n     \u001b[90m 189 |\u001b[39m     })\u001b[33m;\u001b[39m\u001b[0m\n\n      at expectOne (node_modules/react-test-renderer/cjs/react-test-renderer.development.js:18499:9)\n      at ReactTestInstance.findByProps (node_modules/react-test-renderer/cjs/react-test-renderer.development.js:18395:12)\n      at Object.findByProps (tests/empirical_m3_verification.test.tsx:186:29)\n      at asyncGeneratorStep (node_modules/@babel/runtime/helpers/asyncToGenerator.js:3:17)\n      at _next (node_modules/@babel/runtime/helpers/asyncToGenerator.js:17:9)\n","name":"D:\\ML\\attendance_tracker\\mobile\\tests\\empirical_m3_verification.test.tsx","startTime":1785904363023,"status":"failed","summary":""},{"assertionResults":[{"ancestorTitles":["EdgeAIPipeline Unit Tests"],"duration":131,"failureDetails":[],"failureMessages":[],"fullName":"EdgeAIPipeline Unit Tests should throw error if processFrame is called prior to initialization","invocations":1,"location":null,"numPassingAsserts":1,"retryReasons":[],"status":"passed","title":"should throw error if processFrame is called prior to initialization"},{"ancestorTitles":["EdgeAIPipeline Unit Tests"],"duration":1084,"failureDetails":[],"failureMessages":[],"fullName":"EdgeAIPipeline Unit Tests should return no_face_detected if face detector finds no candidates","invocations":1,"location":null,"numPassingAsserts":2,"retryReasons":[],"status":"passed","title":"should return no_face_detected if face detector finds no candidates"},{"ancestorTitles":["EdgeAIPipeline Unit Tests"],"duration":1118,"failureDetails":[],"failureMessages":[],"fullName":"EdgeAIPipeline Unit Tests should return spoof_detected if liveness check fails","invocations":1,"location":null,"numPassingAsserts":2,"retryReasons":[],"status":"passed","title":"should return spoof_detected if liveness check fails"},{"ancestorTitles":["EdgeAIPipeline Unit Tests"],"duration":1122,"failureDetails":[],"failureMessages":[],"fullName":"EdgeAIPipeline Unit Tests should successfully complete pipeline and send embedding to API","invocations":1,"location":null,"numPassingAsserts":5,"retryReasons":[],"status":"passed","title":"should successfully complete pipeline and send embedding to API"}],"endTime":1785904369190,"message":"","name":"D:\\ML\\attendance_tracker\\mobile\\tests\\ai\\pipeline.test.ts","startTime":1785904362900,"status":"passed","summary":""},{"assertionResults":[{"ancestorTitles":["Challenger M2-1: Edge AI Empirical Stress & Edge Case Suite","1. Vector Math & L2 Normalization Edge Cases (ArcFaceRecognizer)"],"duration":22,"failureDetails":[],"failureMessages":[],"fullName":"Challenger M2-1: Edge AI Empirical Stress & Edge Case Suite 1. Vector Math & L2 Normalization Edge Cases (ArcFaceRecognizer) empirical test: L2 normalization outputs exact unit vector (||e||2 = 1.0)","invocations":1,"location":null,"numPassingAsserts":2,"retryReasons":[],"status":"passed","title":"empirical test: L2 normalization outputs exact unit vector (||e||2 = 1.0)"},{"ancestorTitles":["Challenger M2-1: Edge AI Empirical Stress & Edge Case Suite","1. Vector Math & L2 Normalization Edge Cases (ArcFaceRecognizer)"],"duration":1,"failureDetails":[],"failureMessages":[],"fullName":"Challenger M2-1: Edge AI Empirical Stress & Edge Case Suite 1. Vector Math & L2 Normalization Edge Cases (ArcFaceRecognizer) empirical test: cosine similarity self-match equals 1.0","invocations":1,"location":null,"numPassingAsserts":2,"retryReasons":[],"status":"passed","title":"empirical test: cosine similarity self-match equals 1.0"},{"ancestorTitles":["Challenger M2-1: Edge AI Empirical Stress & Edge Case Suite","1. Vector Math & L2 Normalization Edge Cases (ArcFaceRecognizer)"],"duration":71,"failureDetails":[],"failureMessages":[],"fullName":"Challenger M2-1: Edge AI Empirical Stress & Edge Case Suite 1. Vector Math & L2 Normalization Edge Cases (ArcFaceRecognizer) empirical edge case: zero vector throws zero norm error","invocations":1,"location":null,"numPassingAsserts":1,"retryReasons":[],"status":"passed","title":"empirical edge case: zero vector throws zero norm error"},{"ancestorTitles":["Challenger M2-1: Edge AI Empirical Stress & Edge Case Suite","1. Vector Math & L2 Normalization Edge Cases (ArcFaceRecognizer)"],"duration":2,"failureDetails":[],"failureMessages":[],"fullName":"Challenger M2-1: Edge AI Empirical Stress & Edge Case Suite 1. Vector Math & L2 Normalization Edge Cases (ArcFaceRecognizer) empirical edge case: near-zero vector underflow causes zero norm error","invocations":1,"location":null,"numPassingAsserts":1,"retryReasons":[],"status":"passed","title":"empirical edge case: near-zero vector underflow causes zero norm error"},{"ancestorTitles":["Challenger M2-1: Edge AI Empirical Stress & Edge Case Suite","1. Vector Math & L2 Normalization Edge Cases (ArcFaceRecognizer)"],"duration":1,"failureDetails":[],"failureMessages":[],"fullName":"Challenger M2-1: Edge AI Empirical Stress & Edge Case Suite 1. Vector Math & L2 Normalization Edge Cases (ArcFaceRecognizer) empirical edge case: cosine similarity mismatch vector lengths","invocations":1,"location":null,"numPassingAsserts":1,"retryReasons":[],"status":"passed","title":"empirical edge case: cosine similarity mismatch vector lengths"},{"ancestorTitles":["Challenger M2-1: Edge AI Empirical Stress & Edge Case Suite","1. Vector Math & L2 Normalization Edge Cases (ArcFaceRecognizer)"],"duration":2,"failureDetails":[],"failureMessages":[],"fullName":"Challenger M2-1: Edge AI Empirical Stress & Edge Case Suite 1. Vector Math & L2 Normalization Edge Cases (ArcFaceRecognizer) empirical edge case: orthogonal and opposite vectors cosine similarity","invocations":1,"location":null,"numPassingAsserts":2,"retryReasons":[],"status":"passed","title":"empirical edge case: orthogonal and opposite vectors cosine similarity"},{"ancestorTitles":["Challenger M2-1: Edge AI Empirical Stress & Edge Case Suite","2. Bounding Box Expansion & Frame Boundary Clamping (MiniFASNetLiveness)"],"duration":2,"failureDetails":[],"failureMessages":[],"fullName":"Challenger M2-1: Edge AI Empirical Stress & Edge Case Suite 2. Bounding Box Expansion & Frame Boundary Clamping (MiniFASNetLiveness) empirical test: standard 1.5x bbox expansion centered on face","invocations":1,"location":null,"numPassingAsserts":1,"retryReasons":[],"status":"passed","title":"empirical test: standard 1.5x bbox expansion centered on face"},{"ancestorTitles":["Challenger M2-1: Edge AI Empirical Stress & Edge Case Suite","2. Bounding Box Expansion & Frame Boundary Clamping (MiniFASNetLiveness)"],"duration":1,"failureDetails":[],"failureMessages":[],"fullName":"Challenger M2-1: Edge AI Empirical Stress & Edge Case Suite 2. Bounding Box Expansion & Frame Boundary Clamping (MiniFASNetLiveness) empirical edge case: top-left frame boundary clamping","invocations":1,"location":null,"numPassingAsserts":4,"retryReasons":[],"status":"passed","title":"empirical edge case: top-left frame boundary clamping"},{"ancestorTitles":["Challenger M2-1: Edge AI Empirical Stress & Edge Case Suite","2. Bounding Box Expansion & Frame Boundary Clamping (MiniFASNetLiveness)"],"duration":1,"failureDetails":[],"failureMessages":[],"fullName":"Challenger M2-1: Edge AI Empirical Stress & Edge Case Suite 2. Bounding Box Expansion & Frame Boundary Clamping (MiniFASNetLiveness) empirical edge case: bottom-right frame boundary clamping","invocations":1,"location":null,"numPassingAsserts":4,"retryReasons":[],"status":"passed","title":"empirical edge case: bottom-right frame boundary clamping"},{"ancestorTitles":["Challenger M2-1: Edge AI Empirical Stress & Edge Case Suite","2. Bounding Box Expansion & Frame Boundary Clamping (MiniFASNetLiveness)"],"duration":1,"failureDetails":[],"failureMessages":[],"fullName":"Challenger M2-1: Edge AI Empirical Stress & Edge Case Suite 2. Bounding Box Expansion & Frame Boundary Clamping (MiniFASNetLiveness) empirical fix test: out-of-bounds bbox guarantees valid box (x1 < x2)","invocations":1,"location":null,"numPassingAsserts":2,"retryReasons":[],"status":"passed","title":"empirical fix test: out-of-bounds bbox guarantees valid box (x1 < x2)"},{"ancestorTitles":["Challenger M2-1: Edge AI Empirical Stress & Edge Case Suite","2. Bounding Box Expansion & Frame Boundary Clamping (MiniFASNetLiveness)"],"duration":1,"failureDetails":[],"failureMessages":[],"fullName":"Challenger M2-1: Edge AI Empirical Stress & Edge Case Suite 2. Bounding Box Expansion & Frame Boundary Clamping (MiniFASNetLiveness) empirical edge case: zero-area bbox expansion","invocations":1,"location":null,"numPassingAsserts":1,"retryReasons":[],"status":"passed","title":"empirical edge case: zero-area bbox expansion"},{"ancestorTitles":["Challenger M2-1: Edge AI Empirical Stress & Edge Case Suite","3. Image Crop & Frame Buffer Preprocessing Edge Cases"],"duration":35,"failureDetails":[],"failureMessages":[],"fullName":"Challenger M2-1: Edge AI Empirical Stress & Edge Case Suite 3. Image Crop & Frame Buffer Preprocessing Edge Cases empirical edge case: cropAndPreprocess with inverted bbox (x1 > x2)","invocations":1,"location":null,"numPassingAsserts":2,"retryReasons":[],"status":"passed","title":"empirical edge case: cropAndPreprocess with inverted bbox (x1 > x2)"},{"ancestorTitles":["Challenger M2-1: Edge AI Empirical Stress & Edge Case Suite","3. Image Crop & Frame Buffer Preprocessing Edge Cases"],"duration":56,"failureDetails":[],"failureMessages":[],"fullName":"Challenger M2-1: Edge AI Empirical Stress & Edge Case Suite 3. Image Crop & Frame Buffer Preprocessing Edge Cases empirical fix test: 3-channel RGB buffer (instead of 4-channel RGBA) handles channels dynamically without NaN","invocations":1,"location":null,"numPassingAsserts":1,"retryReasons":[],"status":"passed","title":"empirical fix test: 3-channel RGB buffer (instead of 4-channel RGBA) handles channels dynamically without NaN"},{"ancestorTitles":["Challenger M2-1: Edge AI Empirical Stress & Edge Case Suite","3. Image Crop & Frame Buffer Preprocessing Edge Cases"],"duration":50,"failureDetails":[],"failureMessages":[],"fullName":"Challenger M2-1: Edge AI Empirical Stress & Edge Case Suite 3. Image Crop & Frame Buffer Preprocessing Edge Cases empirical fix test: zero-width frame is safely handled without NaN","invocations":1,"location":null,"numPassingAsserts":1,"retryReasons":[],"status":"passed","title":"empirical fix test: zero-width frame is safely handled without NaN"},{"ancestorTitles":["Challenger M2-1: Edge AI Empirical Stress & Edge Case Suite","4. Detection Logic & Single vs Multiple Faces (SCRFDDetector)"],"duration":1055,"failureDetails":[],"failureMessages":[],"fullName":"Challenger M2-1: Edge AI Empirical Stress & Edge Case Suite 4. Detection Logic & Single vs Multiple Faces (SCRFDDetector) empirical test: single face detected passes detection","invocations":1,"location":null,"numPassingAsserts":3,"retryReasons":[],"status":"passed","title":"empirical test: single face detected passes detection"},{"ancestorTitles":["Challenger M2-1: Edge AI Empirical Stress & Edge Case Suite","4. Detection Logic & Single vs Multiple Faces (SCRFDDetector)"],"duration":1047,"failureDetails":[],"failureMessages":[],"fullName":"Challenger M2-1: Edge AI Empirical Stress & Edge Case Suite 4. Detection Logic & Single vs Multiple Faces (SCRFDDetector) empirical test: multiple distinct faces rejected with multiple_faces reason","invocations":1,"location":null,"numPassingAsserts":2,"retryReasons":[],"status":"passed","title":"empirical test: multiple distinct faces rejected with multiple_faces reason"},{"ancestorTitles":["Challenger M2-1: Edge AI Empirical Stress & Edge Case Suite","4. Detection Logic & Single vs Multiple Faces (SCRFDDetector)"],"duration":1068,"failureDetails":[],"failureMessages":[],"fullName":"Challenger M2-1: Edge AI Empirical Stress & Edge Case Suite 4. Detection Logic & Single vs Multiple Faces (SCRFDDetector) empirical test: overlapping candidate boxes for SAME face suppressed by NMS","invocations":1,"location":null,"numPassingAsserts":2,"retryReasons":[],"status":"passed","title":"empirical test: overlapping candidate boxes for SAME face suppressed by NMS"},{"ancestorTitles":["Challenger M2-1: Edge AI Empirical Stress & Edge Case Suite","4. Detection Logic & Single vs Multiple Faces (SCRFDDetector)"],"duration":868,"failureDetails":[],"failureMessages":[],"fullName":"Challenger M2-1: Edge AI Empirical Stress & Edge Case Suite 4. Detection Logic & Single vs Multiple Faces (SCRFDDetector) empirical test: zero faces detected returns no_face_detected","invocations":1,"location":null,"numPassingAsserts":2,"retryReasons":[],"status":"passed","title":"empirical test: zero faces detected returns no_face_detected"}],"endTime":1785904369678,"message":"","name":"D:\\ML\\attendance_tracker\\mobile\\tests\\ai\\challenger_edge_cases.test.ts","startTime":1785904362894,"status":"passed","summary":""},{"assertionResults":[{"ancestorTitles":["App Mode Switcher Unit Tests"],"duration":588,"failureDetails":[],"failureMessages":[],"fullName":"App Mode Switcher Unit Tests defaults to Kiosk Mode screen on launch","invocations":1,"location":null,"numPassingAsserts":2,"retryReasons":[],"status":"passed","title":"defaults to Kiosk Mode screen on launch"},{"ancestorTitles":["App Mode Switcher Unit Tests"],"duration":17,"failureDetails":[],"failureMessages":[],"fullName":"App Mode Switcher Unit Tests switches to Manager Dashboard screen when tab-manager is pressed","invocations":1,"location":null,"numPassingAsserts":2,"retryReasons":[],"status":"passed","title":"switches to Manager Dashboard screen when tab-manager is pressed"},{"ancestorTitles":["App Mode Switcher Unit Tests"],"duration":11,"failureDetails":[],"failureMessages":[],"fullName":"App Mode Switcher Unit Tests switches back to Kiosk Mode screen when tab-kiosk is pressed","invocations":1,"location":null,"numPassingAsserts":2,"retryReasons":[],"status":"passed","title":"switches back to Kiosk Mode screen when tab-kiosk is pressed"}],"endTime":1785904369907,"message":"","name":"D:\\ML\\attendance_tracker\\mobile\\tests\\App.test.tsx","startTime":1785904363008,"status":"passed","summary":""},{"assertionResults":[{"ancestorTitles":["ManagerDashboardScreen Unit Tests"],"duration":820,"failureDetails":[],"failureMessages":[],"fullName":"ManagerDashboardScreen Unit Tests renders summary cards with correct Present, Absent, and Late metrics","invocations":1,"location":null,"numPassingAsserts":3,"retryReasons":[],"status":"passed","title":"renders summary cards with correct Present, Absent, and Late metrics"},{"ancestorTitles":["ManagerDashboardScreen Unit Tests"],"duration":11,"failureDetails":[],"failureMessages":[],"fullName":"ManagerDashboardScreen Unit Tests fetches and renders recent check-in list items from getRecentCheckins","invocations":1,"location":null,"numPassingAsserts":2,"retryReasons":[],"status":"passed","title":"fetches and renders recent check-in list items from getRecentCheckins"},{"ancestorTitles":["ManagerDashboardScreen Unit Tests"],"duration":330,"failureDetails":[],"failureMessages":[],"fullName":"ManagerDashboardScreen Unit Tests opens employee detail modal when employee item is pressed","invocations":1,"location":null,"numPassingAsserts":3,"retryReasons":[],"status":"passed","title":"opens employee detail modal when employee item is pressed"}],"endTime":1785904370294,"message":"","name":"D:\\ML\\attendance_tracker\\mobile\\tests\\screens\\ManagerDashboardScreen.test.tsx","startTime":1785904362817,"status":"passed","summary":""},{"assertionResults":[{"ancestorTitles":["AdminDashboardScreen Unit Test Suite"],"duration":764,"failureDetails":[],"failureMessages":[],"fullName":"AdminDashboardScreen Unit Test Suite renders summary cards with present, absent, and late counts","invocations":1,"location":null,"numPassingAsserts":3,"retryReasons":[],"status":"passed","title":"renders summary cards with present, absent, and late counts"},{"ancestorTitles":["AdminDashboardScreen Unit Test Suite"],"duration":10,"failureDetails":[],"failureMessages":[],"fullName":"AdminDashboardScreen Unit Test Suite renders department breakdown and employee attendance table","invocations":1,"location":null,"numPassingAsserts":3,"retryReasons":[],"status":"passed","title":"renders department breakdown and employee attendance table"},{"ancestorTitles":["AdminDashboardScreen Unit Test Suite"],"duration":325,"failureDetails":[],"failureMessages":[],"fullName":"AdminDashboardScreen Unit Test Suite opens leave adjustment modal when employee item is pressed","invocations":1,"location":null,"numPassingAsserts":2,"retryReasons":[],"status":"passed","title":"opens leave adjustment modal when employee item is pressed"},{"ancestorTitles":["AdminDashboardScreen Unit Test Suite"],"duration":34,"failureDetails":[],"failureMessages":[],"fullName":"AdminDashboardScreen Unit Test Suite generates registration link token on generate-token-button press","invocations":1,"location":null,"numPassingAsserts":1,"retryReasons":[],"status":"passed","title":"generates registration link token on generate-token-button press"},{"ancestorTitles":["AdminDashboardScreen Unit Test Suite"],"duration":7,"failureDetails":[],"failureMessages":[],"fullName":"AdminDashboardScreen Unit Test Suite renders user role management section for super_admin","invocations":1,"location":null,"numPassingAsserts":2,"retryReasons":[],"status":"passed","title":"renders user role management section for super_admin"}],"endTime":1785904370321,"message":"","name":"D:\\ML\\attendance_tracker\\mobile\\src\\__tests__\\AdminDashboardScreen.test.tsx","startTime":1785904362788,"status":"passed","summary":""},{"assertionResults":[{"ancestorTitles":["Milestone 4 Challenger Empirical Verification - Mobile Kiosk & Admin Dashboard","Kiosk Camera Flow Empirical Verification"],"duration":178,"failureDetails":[],"failureMessages":[],"fullName":"Milestone 4 Challenger Empirical Verification - Mobile Kiosk & Admin Dashboard Kiosk Camera Flow Empirical Verification verifies Face Detection Bounding Box Overlay rendering & tag","invocations":1,"location":null,"numPassingAsserts":4,"retryReasons":[],"status":"passed","title":"verifies Face Detection Bounding Box Overlay rendering & tag"},{"ancestorTitles":["Milestone 4 Challenger Empirical Verification - Mobile Kiosk & Admin Dashboard","Kiosk Camera Flow Empirical Verification"],"duration":188,"failureDetails":[],"failureMessages":[],"fullName":"Milestone 4 Challenger Empirical Verification - Mobile Kiosk & Admin Dashboard Kiosk Camera Flow Empirical Verification verifies Anti-Spoofing Alert Banner on spoof result","invocations":1,"location":null,"numPassingAsserts":2,"retryReasons":[],"status":"passed","title":"verifies Anti-Spoofing Alert Banner on spoof result"},{"ancestorTitles":["Milestone 4 Challenger Empirical Verification - Mobile Kiosk & Admin Dashboard","Kiosk Camera Flow Empirical Verification"],"duration":10,"failureDetails":[],"failureMessages":[],"fullName":"Milestone 4 Challenger Empirical Verification - Mobile Kiosk & Admin Dashboard Kiosk Camera Flow Empirical Verification verifies 3s Auto-Reset Confirmation Banner on success result","invocations":1,"location":null,"numPassingAsserts":4,"retryReasons":[],"status":"passed","title":"verifies 3s Auto-Reset Confirmation Banner on success result"},{"ancestorTitles":["Milestone 4 Challenger Empirical Verification - Mobile Kiosk & Admin Dashboard","Admin Dashboard Flow Empirical Verification"],"duration":483,"failureDetails":[],"failureMessages":[],"fullName":"Milestone 4 Challenger Empirical Verification - Mobile Kiosk & Admin Dashboard Admin Dashboard Flow Empirical Verification verifies summary cards, department breakdown & per-employee attendance table","invocations":1,"location":null,"numPassingAsserts":6,"retryReasons":[],"status":"passed","title":"verifies summary cards, department breakdown & per-employee attendance table"},{"ancestorTitles":["Milestone 4 Challenger Empirical Verification - Mobile Kiosk & Admin Dashboard","Admin Dashboard Flow Empirical Verification"],"duration":300,"failureDetails":[],"failureMessages":[],"fullName":"Milestone 4 Challenger Empirical Verification - Mobile Kiosk & Admin Dashboard Admin Dashboard Flow Empirical Verification verifies Leave Balance Adjustment modal trigger & actions","invocations":1,"location":null,"numPassingAsserts":5,"retryReasons":[],"status":"passed","title":"verifies Leave Balance Adjustment modal trigger & actions"},{"ancestorTitles":["Milestone 4 Challenger Empirical Verification - Mobile Kiosk & Admin Dashboard","Admin Dashboard Flow Empirical Verification"],"duration":33,"failureDetails":[],"failureMessages":[],"fullName":"Milestone 4 Challenger Empirical Verification - Mobile Kiosk & Admin Dashboard Admin Dashboard Flow Empirical Verification verifies Share Registration Link Trigger Button","invocations":1,"location":null,"numPassingAsserts":3,"retryReasons":[],"status":"passed","title":"verifies Share Registration Link Trigger Button"}],"endTime":1785904370439,"message":"","name":"D:\\ML\\attendance_tracker\\mobile\\tests\\empirical_m4_workflows.test.tsx","startTime":1785904362940,"status":"passed","summary":""},{"assertionResults":[{"ancestorTitles":["Milestone 3 Admin Dashboard Empirical Verification Suite"],"duration":830,"failureDetails":[],"failureMessages":[],"fullName":"Milestone 3 Admin Dashboard Empirical Verification Suite 1. Summary & Department Cards: Displays present, absent, late counts and department breakdown","invocations":1,"location":null,"numPassingAsserts":4,"retryReasons":[],"status":"passed","title":"1. Summary & Department Cards: Displays present, absent, late counts and department breakdown"},{"ancestorTitles":["Milestone 3 Admin Dashboard Empirical Verification Suite"],"duration":382,"failureDetails":[],"failureMessages":[],"fullName":"Milestone 3 Admin Dashboard Empirical Verification Suite 2. Per-Employee Table & Leave Adjustment: Displays employee table and handles leave balance update via PATCH /api/employees/{id}/leave","invocations":1,"location":null,"numPassingAsserts":4,"retryReasons":[],"status":"passed","title":"2. Per-Employee Table & Leave Adjustment: Displays employee table and handles leave balance update via PATCH /api/employees/{id}/leave"},{"ancestorTitles":["Milestone 3 Admin Dashboard Empirical Verification Suite"],"duration":7,"failureDetails":[],"failureMessages":[],"fullName":"Milestone 3 Admin Dashboard Empirical Verification Suite 3. Late Entry Stats: Compares check-in timestamps against work_start_time (09:00 AM)","invocations":1,"location":null,"numPassingAsserts":1,"retryReasons":[],"status":"passed","title":"3. Late Entry Stats: Compares check-in timestamps against work_start_time (09:00 AM)"},{"ancestorTitles":["Milestone 3 Admin Dashboard Empirical Verification Suite"],"duration":17,"failureDetails":[],"failureMessages":[],"fullName":"Milestone 3 Admin Dashboard Empirical Verification Suite 4. Share Web Registration Link: Calls POST /api/registration/token and displays link","invocations":1,"location":null,"numPassingAsserts":2,"retryReasons":[],"status":"passed","title":"4. Share Web Registration Link: Calls POST /api/registration/token and displays link"},{"ancestorTitles":["Milestone 3 Admin Dashboard Empirical Verification Suite"],"duration":27,"failureDetails":[],"failureMessages":[],"fullName":"Milestone 3 Admin Dashboard Empirical Verification Suite 5. Super Admin User Role Management: Visible only to super_admin and updates role via PATCH /api/users/{id}/role","invocations":1,"location":null,"numPassingAsserts":3,"retryReasons":[],"status":"passed","title":"5. Super Admin User Role Management: Visible only to super_admin and updates role via PATCH /api/users/{id}/role"}],"endTime":1785904370389,"message":"","name":"D:\\ML\\attendance_tracker\\mobile\\tests\\screens\\AdminDashboardScreen_m3_verification.test.tsx","startTime":1785904362692,"status":"passed","summary":""},{"assertionResults":[{"ancestorTitles":["ManagerDashboardScreen Challenger Edge Cases & Verification Suite","1. Metric Calculation Edge Cases"],"duration":740,"failureDetails":[],"failureMessages":[],"fullName":"ManagerDashboardScreen Challenger Edge Cases & Verification Suite 1. Metric Calculation Edge Cases edge case 1: 0 enrolled employees (empty list or all enrolled=false)","invocations":1,"location":null,"numPassingAsserts":2,"retryReasons":[],"status":"passed","title":"edge case 1: 0 enrolled employees (empty list or all enrolled=false)"},{"ancestorTitles":["ManagerDashboardScreen Challenger Edge Cases & Verification Suite","1. Metric Calculation Edge Cases"],"duration":9,"failureDetails":[],"failureMessages":[],"fullName":"ManagerDashboardScreen Challenger Edge Cases & Verification Suite 1. Metric Calculation Edge Cases edge case 2: empty recent logs array","invocations":1,"location":null,"numPassingAsserts":4,"retryReasons":[],"status":"passed","title":"edge case 2: empty recent logs array"},{"ancestorTitles":["ManagerDashboardScreen Challenger Edge Cases & Verification Suite","1. Metric Calculation Edge Cases"],"duration":7,"failureDetails":[],"failureMessages":[],"fullName":"ManagerDashboardScreen Challenger Edge Cases & Verification Suite 1. Metric Calculation Edge Cases edge case 3: all check-ins are late (> 09:00 AM)","invocations":1,"location":null,"numPassingAsserts":1,"retryReasons":[],"status":"passed","title":"edge case 3: all check-ins are late (> 09:00 AM)"},{"ancestorTitles":["ManagerDashboardScreen Challenger Edge Cases & Verification Suite","1. Metric Calculation Edge Cases"],"duration":8,"failureDetails":[],"failureMessages":[],"fullName":"ManagerDashboardScreen Challenger Edge Cases & Verification Suite 1. Metric Calculation Edge Cases edge case 4: invalid timestamp format in log does not crash metrics","invocations":1,"location":null,"numPassingAsserts":1,"retryReasons":[],"status":"passed","title":"edge case 4: invalid timestamp format in log does not crash metrics"},{"ancestorTitles":["ManagerDashboardScreen Challenger Edge Cases & Verification Suite","1. Metric Calculation Edge Cases"],"duration":11,"failureDetails":[],"failureMessages":[],"fullName":"ManagerDashboardScreen Challenger Edge Cases & Verification Suite 1. Metric Calculation Edge Cases VERIFIED FIX: CHECK_OUT events occurring after 09:00 AM are NOT counted as LATE","invocations":1,"location":null,"numPassingAsserts":1,"retryReasons":[],"status":"passed","title":"VERIFIED FIX: CHECK_OUT events occurring after 09:00 AM are NOT counted as LATE"},{"ancestorTitles":["ManagerDashboardScreen Challenger Edge Cases & Verification Suite","2. Pull-to-Refresh & Modal Interactions"],"duration":52,"failureDetails":[],"failureMessages":[],"fullName":"ManagerDashboardScreen Challenger Edge Cases & Verification Suite 2. Pull-to-Refresh & Modal Interactions triggers API fetch on refresh control pull","invocations":1,"location":null,"numPassingAsserts":2,"retryReasons":[],"status":"passed","title":"triggers API fetch on refresh control pull"},{"ancestorTitles":["ManagerDashboardScreen Challenger Edge Cases & Verification Suite","2. Pull-to-Refresh & Modal Interactions"],"duration":320,"failureDetails":[],"failureMessages":[],"fullName":"ManagerDashboardScreen Challenger Edge Cases & Verification Suite 2. Pull-to-Refresh & Modal Interactions opens and closes employee detail modal correctly","invocations":1,"location":null,"numPassingAsserts":3,"retryReasons":[],"status":"passed","title":"opens and closes employee detail modal correctly"}],"endTime":1785904370549,"message":"","name":"D:\\ML\\attendance_tracker\\mobile\\tests\\screens\\ManagerDashboardScreen_challenger2.test.tsx","startTime":1785904362913,"status":"passed","summary":""}],"wasInterrupted":false}
